[ 2018-07-14T02:08:15+08:00 ] 177.189.63.118 /
INFO: [ app_init ] --START--
INFO: Run Behavior\BuildLiteBehavior [ RunTime:0.000011s ]
INFO: [ app_init ] --END-- [ RunTime:0.000052s ]
ERR: Access denied for user 'root'@'localhost' (using password: NO)

[ 2018-07-14T04:41:28+08:00 ] 201.150.54.235 /
INFO: [ app_init ] --START--
INFO: Run Behavior\BuildLiteBehavior [ RunTime:0.000013s ]
INFO: [ app_init ] --END-- [ RunTime:0.000053s ]
ERR: Access denied for user 'root'@'localhost' (using password: NO)

[ 2018-07-14T05:56:25+08:00 ] 5.160.149.58 /
INFO: [ app_init ] --START--
INFO: Run Behavior\BuildLiteBehavior [ RunTime:0.000015s ]
INFO: [ app_init ] --END-- [ RunTime:0.000072s ]
ERR: Access denied for user 'root'@'localhost' (using password: NO)

[ 2018-07-14T06:24:29+08:00 ] 138.97.217.19 /
INFO: [ app_init ] --START--
INFO: Run Behavior\BuildLiteBehavior [ RunTime:0.000012s ]
INFO: [ app_init ] --END-- [ RunTime:0.000052s ]
ERR: Access denied for user 'root'@'localhost' (using password: NO)

[ 2018-07-14T08:08:52+08:00 ] 95.70.248.121 /
INFO: [ app_init ] --START--
INFO: Run Behavior\BuildLiteBehavior [ RunTime:0.000013s ]
INFO: [ app_init ] --END-- [ RunTime:0.000067s ]
ERR: Access denied for user 'root'@'localhost' (using password: NO)

[ 2018-07-14T08:30:02+08:00 ] 170.78.183.192 /
INFO: [ app_init ] --START--
INFO: Run Behavior\BuildLiteBehavior [ RunTime:0.000012s ]
INFO: [ app_init ] --END-- [ RunTime:0.000084s ]
ERR: Access denied for user 'root'@'localhost' (using password: NO)

[ 2018-07-14T08:37:39+08:00 ] 59.152.88.174 /
INFO: [ app_init ] --START--
INFO: Run Behavior\BuildLiteBehavior [ RunTime:0.000011s ]
INFO: [ app_init ] --END-- [ RunTime:0.000051s ]
ERR: Access denied for user 'root'@'localhost' (using password: NO)

[ 2018-07-14T13:08:22+08:00 ] 146.71.78.34 /CFIDE/administrator/
INFO: [ app_init ] --START--
INFO: Run Behavior\BuildLiteBehavior [ RunTime:0.000011s ]
INFO: [ app_init ] --END-- [ RunTime:0.000051s ]
ERR: 无法加载控制器:CFIDE

[ 2018-07-14T13:42:57+08:00 ] 120.50.27.134 /
INFO: [ app_init ] --START--
INFO: Run Behavior\BuildLiteBehavior [ RunTime:0.000015s ]
INFO: [ app_init ] --END-- [ RunTime:0.000070s ]
ERR: Access denied for user 'root'@'localhost' (using password: NO)

[ 2018-07-14T14:30:34+08:00 ] 116.62.215.53 /
INFO: [ app_init ] --START--
INFO: Run Behavior\BuildLiteBehavior [ RunTime:0.000014s ]
INFO: [ app_init ] --END-- [ RunTime:0.000063s ]
ERR: Access denied for user 'root'@'localhost' (using password: NO)

[ 2018-07-14T14:43:56+08:00 ] 41.215.244.68 /
INFO: [ app_init ] --START--
INFO: Run Behavior\BuildLiteBehavior [ RunTime:0.000012s ]
INFO: [ app_init ] --END-- [ RunTime:0.000054s ]
ERR: Access denied for user 'root'@'localhost' (using password: NO)

[ 2018-07-14T15:42:07+08:00 ] 219.130.135.190 /
INFO: [ app_init ] --START--
INFO: Run Behavior\BuildLiteBehavior [ RunTime:0.000015s ]
INFO: [ app_init ] --END-- [ RunTime:0.000074s ]
ERR: Access denied for user 'root'@'localhost' (using password: NO)

[ 2018-07-14T16:49:38+08:00 ] 103.50.7.125 /
INFO: [ app_init ] --START--
INFO: Run Behavior\BuildLiteBehavior [ RunTime:0.000016s ]
INFO: [ app_init ] --END-- [ RunTime:0.000066s ]
ERR: Access denied for user 'root'@'localhost' (using password: NO)

[ 2018-07-14T17:32:26+08:00 ] 50.240.85.67 /
INFO: [ app_init ] --START--
INFO: Run Behavior\BuildLiteBehavior [ RunTime:0.000012s ]
INFO: [ app_init ] --END-- [ RunTime:0.000053s ]
ERR: Access denied for user 'root'@'localhost' (using password: NO)

[ 2018-07-14T17:51:36+08:00 ] 43.225.169.236 /
INFO: [ app_init ] --START--
INFO: Run Behavior\BuildLiteBehavior [ RunTime:0.000011s ]
INFO: [ app_init ] --END-- [ RunTime:0.000056s ]
ERR: Access denied for user 'root'@'localhost' (using password: NO)

[ 2018-07-14T18:24:28+08:00 ] 177.103.49.151 /
INFO: [ app_init ] --START--
INFO: Run Behavior\BuildLiteBehavior [ RunTime:0.000011s ]
INFO: [ app_init ] --END-- [ RunTime:0.000053s ]
ERR: Access denied for user 'root'@'localhost' (using password: NO)

[ 2018-07-14T19:11:46+08:00 ] 182.48.105.210 /was5/web/search
INFO: [ app_init ] --START--
INFO: Run Behavior\BuildLiteBehavior [ RunTime:0.000013s ]
INFO: [ app_init ] --END-- [ RunTime:0.000058s ]
ERR: 无法加载控制器:Was5

[ 2018-07-14T19:39:03+08:00 ] 81.163.51.208 /
INFO: [ app_init ] --START--
INFO: Run Behavior\BuildLiteBehavior [ RunTime:0.000012s ]
INFO: [ app_init ] --END-- [ RunTime:0.000054s ]
ERR: Access denied for user 'root'@'localhost' (using password: NO)

[ 2018-07-14T19:44:28+08:00 ] 187.114.198.63 /
INFO: [ app_init ] --START--
INFO: Run Behavior\BuildLiteBehavior [ RunTime:0.000012s ]
INFO: [ app_init ] --END-- [ RunTime:0.000055s ]
ERR: Access denied for user 'root'@'localhost' (using password: NO)

[ 2018-07-14T19:55:53+08:00 ] 93.174.93.11 /w00tw00t.at.blackhats.romanian.anti-sec:)
INFO: [ app_init ] --START--
INFO: Run Behavior\BuildLiteBehavior [ RunTime:0.000011s ]
INFO: [ app_init ] --END-- [ RunTime:0.000053s ]
NOTIC: [2] preg_replace(): Compilation failed: unmatched parentheses at offset 11 /home/www/Mobile/Core/Library/Think/Dispatcher.class.php 第 126 行.
ERR: 无法加载控制器:W00tw00t.at.blackhats.romanian.anti-sec:)

[ 2018-07-14T19:55:54+08:00 ] 93.174.93.11 /phpMyAdmin/scripts/setup.php
INFO: [ app_init ] --START--
INFO: Run Behavior\BuildLiteBehavior [ RunTime:0.000011s ]
INFO: [ app_init ] --END-- [ RunTime:0.000052s ]
ERR: 无法加载控制器:PhpMyAdmin

[ 2018-07-14T21:11:08+08:00 ] 164.215.246.199 /
INFO: [ app_init ] --START--
INFO: Run Behavior\BuildLiteBehavior [ RunTime:0.000012s ]
INFO: [ app_init ] --END-- [ RunTime:0.000051s ]
ERR: Access denied for user 'root'@'localhost' (using password: NO)

[ 2018-07-14T22:19:58+08:00 ] 2.179.183.155 /
INFO: [ app_init ] --START--
INFO: Run Behavior\BuildLiteBehavior [ RunTime:0.000011s ]
INFO: [ app_init ] --END-- [ RunTime:0.000060s ]
ERR: Access denied for user 'root'@'localhost' (using password: NO)

[ 2018-07-14T23:06:53+08:00 ] 91.109.194.152 /
INFO: [ app_init ] --START--
INFO: Run Behavior\BuildLiteBehavior [ RunTime:0.000012s ]
INFO: [ app_init ] --END-- [ RunTime:0.000055s ]
ERR: Access denied for user 'root'@'localhost' (using password: NO)

[ 2018-07-14T23:26:43+08:00 ] 46.63.72.82 /
INFO: [ app_init ] --START--
INFO: Run Behavior\BuildLiteBehavior [ RunTime:0.000011s ]
INFO: [ app_init ] --END-- [ RunTime:0.000051s ]
ERR: Access denied for user 'root'@'localhost' (using password: NO)

[ 2018-07-14T23:55:35+08:00 ] 114.215.29.230 /l.php
INFO: [ app_init ] --START--
INFO: Run Behavior\BuildLiteBehavior [ RunTime:0.000011s ]
INFO: [ app_init ] --END-- [ RunTime:0.000052s ]
ERR: 无法加载控制器:L.php

[ 2018-07-14T23:55:38+08:00 ] 118.190.50.111 /l.php
INFO: [ app_init ] --START--
INFO: Run Behavior\BuildLiteBehavior [ RunTime:0.000010s ]
INFO: [ app_init ] --END-- [ RunTime:0.000062s ]
ERR: 无法加载控制器:L.php

