[ 2018-07-13T01:51:11+08:00 ] 177.152.75.59 /
INFO: [ app_init ] --START--
INFO: Run Behavior\BuildLiteBehavior [ RunTime:0.000012s ]
INFO: [ app_init ] --END-- [ RunTime:0.000054s ]
ERR: Access denied for user 'root'@'localhost' (using password: NO)

[ 2018-07-13T02:37:47+08:00 ] 111.220.105.33 /
INFO: [ app_init ] --START--
INFO: Run Behavior\BuildLiteBehavior [ RunTime:0.000011s ]
INFO: [ app_init ] --END-- [ RunTime:0.000052s ]
ERR: Access denied for user 'root'@'localhost' (using password: NO)

[ 2018-07-13T02:56:44+08:00 ] 37.78.237.76 /
INFO: [ app_init ] --START--
INFO: Run Behavior\BuildLiteBehavior [ RunTime:0.000011s ]
INFO: [ app_init ] --END-- [ RunTime:0.000061s ]
ERR: Access denied for user 'root'@'localhost' (using password: NO)

[ 2018-07-13T03:50:51+08:00 ] 185.181.93.202 /
INFO: [ app_init ] --START--
INFO: Run Behavior\BuildLiteBehavior [ RunTime:0.000011s ]
INFO: [ app_init ] --END-- [ RunTime:0.000051s ]
ERR: Access denied for user 'root'@'localhost' (using password: NO)

[ 2018-07-13T05:53:22+08:00 ] 43.239.73.122 /
INFO: [ app_init ] --START--
INFO: Run Behavior\BuildLiteBehavior [ RunTime:0.000010s ]
INFO: [ app_init ] --END-- [ RunTime:0.000060s ]
ERR: Access denied for user 'root'@'localhost' (using password: NO)

[ 2018-07-13T07:52:59+08:00 ] 210.12.18.39 /index.php/Mobile/Index/index
INFO: [ app_init ] --START--
INFO: Run Behavior\BuildLiteBehavior [ RunTime:0.000012s ]
INFO: [ app_init ] --END-- [ RunTime:0.000051s ]

[ 2018-07-13T08:57:51+08:00 ] 101.128.75.122 /
INFO: [ app_init ] --START--
INFO: Run Behavior\BuildLiteBehavior [ RunTime:0.000010s ]
INFO: [ app_init ] --END-- [ RunTime:0.000049s ]
ERR: Access denied for user 'root'@'localhost' (using password: NO)

[ 2018-07-13T09:23:24+08:00 ] 189.47.234.22 /
INFO: [ app_init ] --START--
INFO: Run Behavior\BuildLiteBehavior [ RunTime:0.000013s ]
INFO: [ app_init ] --END-- [ RunTime:0.000055s ]
ERR: Access denied for user 'root'@'localhost' (using password: NO)

[ 2018-07-13T09:23:24+08:00 ] 189.47.234.22 /
INFO: [ app_init ] --START--
INFO: Run Behavior\BuildLiteBehavior [ RunTime:0.000011s ]
INFO: [ app_init ] --END-- [ RunTime:0.000055s ]
ERR: Access denied for user 'root'@'localhost' (using password: NO)

[ 2018-07-13T09:48:18+08:00 ] 5.202.145.157 /
INFO: [ app_init ] --START--
INFO: Run Behavior\BuildLiteBehavior [ RunTime:0.000010s ]
INFO: [ app_init ] --END-- [ RunTime:0.000050s ]
ERR: Access denied for user 'root'@'localhost' (using password: NO)

[ 2018-07-13T10:06:12+08:00 ] 88.248.190.158 /
INFO: [ app_init ] --START--
INFO: Run Behavior\BuildLiteBehavior [ RunTime:0.000012s ]
INFO: [ app_init ] --END-- [ RunTime:0.000057s ]
ERR: Access denied for user 'root'@'localhost' (using password: NO)

[ 2018-07-13T10:09:59+08:00 ] 51.38.12.21 /
INFO: [ app_init ] --START--
INFO: Run Behavior\BuildLiteBehavior [ RunTime:0.000012s ]
INFO: [ app_init ] --END-- [ RunTime:0.000055s ]
ERR: Access denied for user 'root'@'localhost' (using password: NO)

[ 2018-07-13T10:40:24+08:00 ] 89.249.89.226 /
INFO: [ app_init ] --START--
INFO: Run Behavior\BuildLiteBehavior [ RunTime:0.000012s ]
INFO: [ app_init ] --END-- [ RunTime:0.000053s ]
ERR: Access denied for user 'root'@'localhost' (using password: NO)

[ 2018-07-13T10:41:14+08:00 ] 182.52.58.87 /
INFO: [ app_init ] --START--
INFO: Run Behavior\BuildLiteBehavior [ RunTime:0.000013s ]
INFO: [ app_init ] --END-- [ RunTime:0.000060s ]
ERR: Access denied for user 'root'@'localhost' (using password: NO)

[ 2018-07-13T10:59:53+08:00 ] 189.78.186.107 /
INFO: [ app_init ] --START--
INFO: Run Behavior\BuildLiteBehavior [ RunTime:0.000013s ]
INFO: [ app_init ] --END-- [ RunTime:0.000061s ]
ERR: Access denied for user 'root'@'localhost' (using password: NO)

[ 2018-07-13T12:40:37+08:00 ] 94.182.230.121 /
INFO: [ app_init ] --START--
INFO: Run Behavior\BuildLiteBehavior [ RunTime:0.000013s ]
INFO: [ app_init ] --END-- [ RunTime:0.000058s ]
ERR: Access denied for user 'root'@'localhost' (using password: NO)

[ 2018-07-13T12:53:31+08:00 ] 119.148.53.170 /
INFO: [ app_init ] --START--
INFO: Run Behavior\BuildLiteBehavior [ RunTime:0.000013s ]
INFO: [ app_init ] --END-- [ RunTime:0.000056s ]
ERR: Access denied for user 'root'@'localhost' (using password: NO)

[ 2018-07-13T12:53:34+08:00 ] 109.163.154.24 /
INFO: [ app_init ] --START--
INFO: Run Behavior\BuildLiteBehavior [ RunTime:0.000011s ]
INFO: [ app_init ] --END-- [ RunTime:0.000059s ]
ERR: Access denied for user 'root'@'localhost' (using password: NO)

[ 2018-07-13T14:35:14+08:00 ] 47.97.120.5 /
INFO: [ app_init ] --START--
INFO: Run Behavior\BuildLiteBehavior [ RunTime:0.000012s ]
INFO: [ app_init ] --END-- [ RunTime:0.000055s ]
ERR: Access denied for user 'root'@'localhost' (using password: NO)

[ 2018-07-13T16:34:26+08:00 ] 88.246.98.0 /
INFO: [ app_init ] --START--
INFO: Run Behavior\BuildLiteBehavior [ RunTime:0.000012s ]
INFO: [ app_init ] --END-- [ RunTime:0.000050s ]
ERR: Access denied for user 'root'@'localhost' (using password: NO)

[ 2018-07-13T17:53:15+08:00 ] 123.206.195.234 /phpMyAdmin/scripts/setup.php
INFO: [ app_init ] --START--
INFO: Run Behavior\BuildLiteBehavior [ RunTime:0.000011s ]
INFO: [ app_init ] --END-- [ RunTime:0.000055s ]
ERR: 无法加载控制器:PhpMyAdmin

[ 2018-07-13T17:53:15+08:00 ] 123.206.195.234 /pma/scripts/setup.php
INFO: [ app_init ] --START--
INFO: Run Behavior\BuildLiteBehavior [ RunTime:0.000011s ]
INFO: [ app_init ] --END-- [ RunTime:0.000050s ]
ERR: 无法加载控制器:Pma

[ 2018-07-13T18:42:05+08:00 ] 37.63.174.92 /
INFO: [ app_init ] --START--
INFO: Run Behavior\BuildLiteBehavior [ RunTime:0.000018s ]
INFO: [ app_init ] --END-- [ RunTime:0.000073s ]
ERR: Access denied for user 'root'@'localhost' (using password: NO)

[ 2018-07-13T19:00:27+08:00 ] 187.1.28.82 /
INFO: [ app_init ] --START--
INFO: Run Behavior\BuildLiteBehavior [ RunTime:0.000012s ]
INFO: [ app_init ] --END-- [ RunTime:0.000054s ]
ERR: Access denied for user 'root'@'localhost' (using password: NO)

[ 2018-07-13T22:24:39+08:00 ] 191.19.5.82 /
INFO: [ app_init ] --START--
INFO: Run Behavior\BuildLiteBehavior [ RunTime:0.000012s ]
INFO: [ app_init ] --END-- [ RunTime:0.000059s ]
ERR: Access denied for user 'root'@'localhost' (using password: NO)

[ 2018-07-13T22:27:58+08:00 ] 78.158.167.42 /
INFO: [ app_init ] --START--
INFO: Run Behavior\BuildLiteBehavior [ RunTime:0.000014s ]
INFO: [ app_init ] --END-- [ RunTime:0.000065s ]
ERR: Access denied for user 'root'@'localhost' (using password: NO)

[ 2018-07-13T23:19:34+08:00 ] 186.107.212.187 /
INFO: [ app_init ] --START--
INFO: Run Behavior\BuildLiteBehavior [ RunTime:0.000012s ]
INFO: [ app_init ] --END-- [ RunTime:0.000055s ]
ERR: Access denied for user 'root'@'localhost' (using password: NO)

[ 2018-07-13T23:31:41+08:00 ] 124.109.42.149 /
INFO: [ app_init ] --START--
INFO: Run Behavior\BuildLiteBehavior [ RunTime:0.000017s ]
INFO: [ app_init ] --END-- [ RunTime:0.000081s ]
ERR: Access denied for user 'root'@'localhost' (using password: NO)

