<<<<<<< HEAD
[ 2018-07-10T07:53:32+08:00 ] 192.168.1.21 /Mobile/index.php/Mobile/Index/questionList
INFO: [ app_init ] --START--
INFO: Run Behavior\BuildLiteBehavior [ RunTime:0.000030s ]
INFO: [ app_init ] --END-- [ RunTime:0.000146s ]
=======
[ 2018-07-10T00:50:22+08:00 ] 103.206.225.117 /
INFO: [ app_init ] --START--
INFO: Run Behavior\BuildLiteBehavior [ RunTime:0.000012s ]
INFO: [ app_init ] --END-- [ RunTime:0.000056s ]
ERR: Access denied for user 'root'@'localhost' (using password: NO)

[ 2018-07-10T01:05:57+08:00 ] 164.215.219.125 /
INFO: [ app_init ] --START--
INFO: Run Behavior\BuildLiteBehavior [ RunTime:0.000010s ]
INFO: [ app_init ] --END-- [ RunTime:0.000053s ]
ERR: Access denied for user 'root'@'localhost' (using password: NO)

[ 2018-07-10T03:08:41+08:00 ] 83.219.136.192 /
INFO: [ app_init ] --START--
INFO: Run Behavior\BuildLiteBehavior [ RunTime:0.000010s ]
INFO: [ app_init ] --END-- [ RunTime:0.000053s ]
ERR: Access denied for user 'root'@'localhost' (using password: NO)

[ 2018-07-10T03:42:38+08:00 ] 177.137.147.86 /
INFO: [ app_init ] --START--
INFO: Run Behavior\BuildLiteBehavior [ RunTime:0.000011s ]
INFO: [ app_init ] --END-- [ RunTime:0.000052s ]
ERR: Access denied for user 'root'@'localhost' (using password: NO)

[ 2018-07-10T05:38:26+08:00 ] 79.22.173.250 /
INFO: [ app_init ] --START--
INFO: Run Behavior\BuildLiteBehavior [ RunTime:0.000011s ]
INFO: [ app_init ] --END-- [ RunTime:0.000052s ]
ERR: Access denied for user 'root'@'localhost' (using password: NO)

[ 2018-07-10T05:39:59+08:00 ] 152.249.219.191 /
INFO: [ app_init ] --START--
INFO: Run Behavior\BuildLiteBehavior [ RunTime:0.000011s ]
INFO: [ app_init ] --END-- [ RunTime:0.000054s ]
ERR: Access denied for user 'root'@'localhost' (using password: NO)

[ 2018-07-10T07:08:41+08:00 ] 200.196.46.242 /
INFO: [ app_init ] --START--
INFO: Run Behavior\BuildLiteBehavior [ RunTime:0.000010s ]
INFO: [ app_init ] --END-- [ RunTime:0.000051s ]
ERR: Access denied for user 'root'@'localhost' (using password: NO)

[ 2018-07-10T07:08:53+08:00 ] 45.115.172.207 /
INFO: [ app_init ] --START--
INFO: Run Behavior\BuildLiteBehavior [ RunTime:0.000010s ]
INFO: [ app_init ] --END-- [ RunTime:0.000059s ]
ERR: Access denied for user 'root'@'localhost' (using password: NO)

[ 2018-07-10T07:53:00+08:00 ] 210.12.18.39 /index.php/Mobile/Index/index
INFO: [ app_init ] --START--
INFO: Run Behavior\BuildLiteBehavior [ RunTime:0.000010s ]
INFO: [ app_init ] --END-- [ RunTime:0.000053s ]

[ 2018-07-10T08:35:12+08:00 ] 114.129.16.26 /
INFO: [ app_init ] --START--
INFO: Run Behavior\BuildLiteBehavior [ RunTime:0.000018s ]
INFO: [ app_init ] --END-- [ RunTime:0.000057s ]
ERR: Access denied for user 'root'@'localhost' (using password: NO)

[ 2018-07-10T09:19:11+08:00 ] 91.210.119.222 /
INFO: [ app_init ] --START--
INFO: Run Behavior\BuildLiteBehavior [ RunTime:0.000013s ]
INFO: [ app_init ] --END-- [ RunTime:0.000069s ]
ERR: Access denied for user 'root'@'localhost' (using password: NO)

[ 2018-07-10T11:55:20+08:00 ] 79.127.70.80 /
INFO: [ app_init ] --START--
INFO: Run Behavior\BuildLiteBehavior [ RunTime:0.000011s ]
INFO: [ app_init ] --END-- [ RunTime:0.000052s ]
ERR: Access denied for user 'root'@'localhost' (using password: NO)

[ 2018-07-10T12:18:05+08:00 ] 151.12.15.203 /
INFO: [ app_init ] --START--
INFO: Run Behavior\BuildLiteBehavior [ RunTime:0.000012s ]
INFO: [ app_init ] --END-- [ RunTime:0.000055s ]
ERR: Access denied for user 'root'@'localhost' (using password: NO)

[ 2018-07-10T12:40:20+08:00 ] 180.92.239.218 /
INFO: [ app_init ] --START--
INFO: Run Behavior\BuildLiteBehavior [ RunTime:0.000010s ]
INFO: [ app_init ] --END-- [ RunTime:0.000051s ]
ERR: Access denied for user 'root'@'localhost' (using password: NO)

[ 2018-07-10T13:43:19+08:00 ] 83.139.96.117 /
INFO: [ app_init ] --START--
INFO: Run Behavior\BuildLiteBehavior [ RunTime:0.000010s ]
INFO: [ app_init ] --END-- [ RunTime:0.000052s ]
ERR: Access denied for user 'root'@'localhost' (using password: NO)

[ 2018-07-10T13:50:34+08:00 ] 213.155.174.6 /
INFO: [ app_init ] --START--
INFO: Run Behavior\BuildLiteBehavior [ RunTime:0.000011s ]
INFO: [ app_init ] --END-- [ RunTime:0.000054s ]
ERR: Access denied for user 'root'@'localhost' (using password: NO)

[ 2018-07-10T14:32:21+08:00 ] 71.6.202.198 /ccvv
INFO: [ app_init ] --START--
INFO: Run Behavior\BuildLiteBehavior [ RunTime:0.000016s ]
INFO: [ app_init ] --END-- [ RunTime:0.000071s ]
ERR: 无法加载控制器:Ccvv

[ 2018-07-10T14:57:00+08:00 ] 217.27.148.22 /
INFO: [ app_init ] --START--
INFO: Run Behavior\BuildLiteBehavior [ RunTime:0.000015s ]
INFO: [ app_init ] --END-- [ RunTime:0.000071s ]
ERR: Access denied for user 'root'@'localhost' (using password: NO)

[ 2018-07-10T15:27:22+08:00 ] 200.174.180.50 /
INFO: [ app_init ] --START--
INFO: Run Behavior\BuildLiteBehavior [ RunTime:0.000010s ]
INFO: [ app_init ] --END-- [ RunTime:0.000055s ]
ERR: Access denied for user 'root'@'localhost' (using password: NO)

[ 2018-07-10T15:59:11+08:00 ] 83.48.10.82 /
INFO: [ app_init ] --START--
INFO: Run Behavior\BuildLiteBehavior [ RunTime:0.000012s ]
INFO: [ app_init ] --END-- [ RunTime:0.000057s ]
ERR: Access denied for user 'root'@'localhost' (using password: NO)

[ 2018-07-10T16:29:27+08:00 ] 46.239.41.135 /
INFO: [ app_init ] --START--
INFO: Run Behavior\BuildLiteBehavior [ RunTime:0.000011s ]
INFO: [ app_init ] --END-- [ RunTime:0.000057s ]
ERR: Access denied for user 'root'@'localhost' (using password: NO)

[ 2018-07-10T16:44:46+08:00 ] 103.58.249.126 /
INFO: [ app_init ] --START--
INFO: Run Behavior\BuildLiteBehavior [ RunTime:0.000012s ]
INFO: [ app_init ] --END-- [ RunTime:0.000055s ]
ERR: Access denied for user 'root'@'localhost' (using password: NO)

[ 2018-07-10T16:55:42+08:00 ] 47.92.39.202 /
INFO: [ app_init ] --START--
INFO: Run Behavior\BuildLiteBehavior [ RunTime:0.000011s ]
INFO: [ app_init ] --END-- [ RunTime:0.000053s ]
ERR: Access denied for user 'root'@'localhost' (using password: NO)

[ 2018-07-10T17:21:53+08:00 ] 2.185.79.116 /
INFO: [ app_init ] --START--
INFO: Run Behavior\BuildLiteBehavior [ RunTime:0.000012s ]
INFO: [ app_init ] --END-- [ RunTime:0.000067s ]
ERR: Access denied for user 'root'@'localhost' (using password: NO)

[ 2018-07-10T17:28:20+08:00 ] 92.112.33.128 /
INFO: [ app_init ] --START--
INFO: Run Behavior\BuildLiteBehavior [ RunTime:0.000011s ]
INFO: [ app_init ] --END-- [ RunTime:0.000062s ]
ERR: Access denied for user 'root'@'localhost' (using password: NO)

[ 2018-07-10T18:27:07+08:00 ] 191.102.97.3 /
INFO: [ app_init ] --START--
INFO: Run Behavior\BuildLiteBehavior [ RunTime:0.000010s ]
INFO: [ app_init ] --END-- [ RunTime:0.000049s ]
ERR: Access denied for user 'root'@'localhost' (using password: NO)

[ 2018-07-10T20:01:34+08:00 ] 202.5.46.149 /
INFO: [ app_init ] --START--
INFO: Run Behavior\BuildLiteBehavior [ RunTime:0.000012s ]
INFO: [ app_init ] --END-- [ RunTime:0.000053s ]
ERR: Access denied for user 'root'@'localhost' (using password: NO)

[ 2018-07-10T20:32:00+08:00 ] 45.116.107.226 /
INFO: [ app_init ] --START--
INFO: Run Behavior\BuildLiteBehavior [ RunTime:0.000011s ]
INFO: [ app_init ] --END-- [ RunTime:0.000058s ]
ERR: Access denied for user 'root'@'localhost' (using password: NO)

[ 2018-07-10T21:31:39+08:00 ] 154.72.78.106 /
INFO: [ app_init ] --START--
INFO: Run Behavior\BuildLiteBehavior [ RunTime:0.000012s ]
INFO: [ app_init ] --END-- [ RunTime:0.000055s ]
ERR: Access denied for user 'root'@'localhost' (using password: NO)
>>>>>>> 9b8c6280e92d3edd6975bf495c3736ea8fa291b8

